17-08-2021 11:58:30:5830 [37mhttp[39m: [37m[0mPOST /api/TokenAuth/Authenticate [32m200[0m 1.355 ms - 191[0m[39m
[37m[39m
17-08-2021 11:59:26:5926 [32minfo[39m: [32mServer is running at localhost:5000[39m
17-08-2021 11:59:26:5926 [32minfo[39m: [32mSuccessfully connected to the database[39m
17-08-2021 11:59:54:5954 [32minfo[39m: [32mServer is running at localhost:5000[39m
17-08-2021 11:59:54:5954 [32minfo[39m: [32mSuccessfully connected to the database[39m
17-08-2021 12:00:07:07 [37mhttp[39m: [37m[0mPOST /api/TokenAuth/Authenticate [32m200[0m 5.818 ms - 191[0m[39m
[37m[39m
17-08-2021 12:00:25:025 [32minfo[39m: [32mServer is running at localhost:5000[39m
17-08-2021 12:00:25:025 [32minfo[39m: [32mSuccessfully connected to the database[39m
17-08-2021 12:37:06:376 [32minfo[39m: [32mServer is running at localhost:5000[39m
17-08-2021 12:37:06:376 [32minfo[39m: [32mSuccessfully connected to the database[39m
17-08-2021 13:27:54:2754 [32minfo[39m: [32mServer is running at localhost:5000[39m
17-08-2021 13:27:54:2754 [32minfo[39m: [32mSuccessfully connected to the database[39m
17-08-2021 14:01:47:147 [32minfo[39m: [32mServer is running at localhost:5000[39m
17-08-2021 14:01:47:147 [32minfo[39m: [32mSuccessfully connected to the database[39m
17-08-2021 14:07:12:712 [32minfo[39m: [32mServer is running at localhost:5000[39m
17-08-2021 14:07:12:712 [32minfo[39m: [32mSuccessfully connected to the database[39m
18-08-2021 08:35:37:3537 [32minfo[39m: [32mServer is running at localhost:5000[39m
18-08-2021 08:35:37:3537 [32minfo[39m: [32mSuccessfully connected to the database[39m
18-08-2021 09:01:39:139 [32minfo[39m: [32mServer is running at localhost:5000[39m
18-08-2021 09:01:39:139 [32minfo[39m: [32mSuccessfully connected to the database[39m
18-08-2021 09:02:03:23 [32minfo[39m: [32m> Server is running at localhost:5000[39m
18-08-2021 09:02:03:23 [32minfo[39m: [32mSuccessfully connected to the database[39m
18-08-2021 09:02:37:237 [32minfo[39m: [32mRunning server at port: 5000[39m
18-08-2021 09:02:37:237 [32minfo[39m: [32mSuccessfully connected to the database[39m
18-08-2021 10:30:18:3018 [32minfo[39m: [32mRunning server at port: 5000[39m
18-08-2021 10:30:18:3018 [32minfo[39m: [32mSuccessfully connected to the database[39m
18-08-2021 10:30:45:3045 [32minfo[39m: [32mRunning server at port: 5000[39m
18-08-2021 10:30:45:3045 [32minfo[39m: [32mSuccessfully connected to the database[39m
18-08-2021 10:30:53:3053 [32minfo[39m: [32mRunning server at port: 5000[39m
18-08-2021 10:30:53:3053 [32minfo[39m: [32mSuccessfully connected to the database[39m
18-08-2021 10:30:54:3054 [37mhttp[39m: [37m[0mPOST /api/TokenAuth/Authenticate [32m200[0m 4.205 ms - 36[0m[39m
[37m[39m
18-08-2021 15:01:57:157 [37mhttp[39m: [37m[0mPOST /api/TokenAuth/Authenticate [32m200[0m 10.973 ms - 36[0m[39m
[37m[39m
19-08-2021 07:44:19:4419 [32minfo[39m: [32mRunning server at port: 5000[39m
19-08-2021 07:44:19:4419 [32minfo[39m: [32mSuccessfully connected to the database[39m
19-08-2021 07:44:21:4421 [37mhttp[39m: [37m[0mGET /api/services/app/Session/GetCurrentLoginInformations [33m404[0m 3.010 ms - 191[0m[39m
[37m[39m
19-08-2021 07:44:21:4421 [37mhttp[39m: [37m[0mGET /api/services/app/Session/GetCurrentLoginInformations [33m404[0m 2.302 ms - 191[0m[39m
[37m[39m
19-08-2021 07:44:22:4422 [37mhttp[39m: [37m[0mGET /api/services/app/Session/GetCurrentLoginInformations [33m404[0m 1.734 ms - 191[0m[39m
[37m[39m
19-08-2021 07:44:22:4422 [37mhttp[39m: [37m[0mGET /api/services/app/Session/GetCurrentLoginInformations [33m404[0m 0.611 ms - 191[0m[39m
[37m[39m
19-08-2021 07:44:22:4422 [37mhttp[39m: [37m[0mGET /api/services/app/Session/GetCurrentLoginInformations [33m404[0m 0.487 ms - 191[0m[39m
[37m[39m
19-08-2021 07:44:22:4422 [37mhttp[39m: [37m[0mGET /api/services/app/Session/GetCurrentLoginInformations [33m404[0m 0.575 ms - 191[0m[39m
[37m[39m
19-08-2021 07:44:22:4422 [37mhttp[39m: [37m[0mGET /api/services/app/Session/GetCurrentLoginInformations [33m404[0m 0.534 ms - 191[0m[39m
[37m[39m
19-08-2021 07:45:19:4519 [37mhttp[39m: [37m[0mGET /api/services/app/Session/GetCurrentLoginInformations [33m404[0m 1.428 ms - 191[0m[39m
[37m[39m
19-08-2021 07:45:48:4548 [37mhttp[39m: [37m[0mGET /api/services/app/Session/GetCurrentLoginInformations [33m404[0m 0.639 ms - 191[0m[39m
[37m[39m
19-08-2021 07:45:48:4548 [37mhttp[39m: [37m[0mGET /api/services/app/Session/GetCurrentLoginInformations [33m404[0m 0.514 ms - 191[0m[39m
[37m[39m
19-08-2021 07:56:09:569 [32minfo[39m: [32mRunning server at port: 5000[39m
19-08-2021 07:56:09:569 [32minfo[39m: [32mSuccessfully connected to the database[39m
19-08-2021 07:56:37:5637 [32minfo[39m: [32mRunning server at port: 5000[39m
19-08-2021 07:56:37:5637 [32minfo[39m: [32mSuccessfully connected to the database[39m
19-08-2021 07:56:50:5650 [32minfo[39m: [32mRunning server at port: 5000[39m
19-08-2021 07:56:50:5650 [32minfo[39m: [32mSuccessfully connected to the database[39m
19-08-2021 07:59:48:5948 [32minfo[39m: [32mRunning server at port: 5000[39m
19-08-2021 07:59:48:5948 [32minfo[39m: [32mSuccessfully connected to the database[39m
19-08-2021 07:59:52:5952 [32minfo[39m: [32mRunning server at port: 5000[39m
19-08-2021 07:59:52:5952 [32minfo[39m: [32mSuccessfully connected to the database[39m
